INFO	2023-02-08 15:15:08,954	[logger.py:40]	hello world
INFO	2023-02-08 15:16:22,254	[logger.py:40]	hello world
INFO	2023-02-08 16:00:39,353	[conftest.py:21]	-----------正在执行测试用例开始的准备工作,打开浏览器-----------
INFO	2023-02-08 16:02:30,587	[conftest.py:21]	-----------正在执行测试用例开始的准备工作,打开浏览器-----------
INFO	2023-02-08 16:03:21,379	[conftest.py:21]	-----------正在执行测试用例开始的准备工作,打开浏览器-----------
INFO	2023-02-08 16:03:23,317	[conftest.py:27]	-----------关闭浏览器-----------
INFO	2023-02-08 16:05:58,213	[conftest.py:21]	-----------正在执行测试用例开始的准备工作,打开浏览器-----------
INFO	2023-02-08 16:06:00,486	[conftest.py:27]	-----------关闭浏览器-----------
INFO	2023-02-08 16:06:02,601	[conftest.py:21]	-----------正在执行测试用例开始的准备工作,打开浏览器-----------
INFO	2023-02-08 16:06:03,431	[conftest.py:27]	-----------关闭浏览器-----------
INFO	2023-02-08 16:06:05,580	[conftest.py:21]	-----------正在执行测试用例开始的准备工作,打开浏览器-----------
INFO	2023-02-08 16:06:06,668	[conftest.py:27]	-----------关闭浏览器-----------
INFO	2023-02-08 16:09:01,561	[conftest.py:21]	-----------正在执行测试用例开始的准备工作,打开浏览器-----------
INFO	2023-02-08 16:09:04,649	[conftest.py:27]	-----------关闭浏览器-----------
INFO	2023-02-08 16:09:05,756	[conftest.py:21]	-----------正在执行测试用例开始的准备工作,打开浏览器-----------
INFO	2023-02-08 16:09:06,552	[conftest.py:27]	-----------关闭浏览器-----------
INFO	2023-02-08 16:17:28,152	[conftest.py:21]	-----------正在执行测试用例开始的准备工作,打开浏览器-----------
INFO	2023-02-08 16:17:30,734	[conftest.py:27]	-----------关闭浏览器-----------
INFO	2023-02-08 16:17:31,840	[conftest.py:21]	-----------正在执行测试用例开始的准备工作,打开浏览器-----------
INFO	2023-02-08 16:17:33,647	[conftest.py:27]	-----------关闭浏览器-----------
INFO	2023-02-08 16:18:14,163	[conftest.py:21]	-----------正在执行测试用例开始的准备工作,打开浏览器-----------
INFO	2023-02-08 16:18:16,172	[conftest.py:27]	-----------关闭浏览器-----------
INFO	2023-02-08 16:18:17,288	[conftest.py:21]	-----------正在执行测试用例开始的准备工作,打开浏览器-----------
INFO	2023-02-08 16:18:18,163	[conftest.py:27]	-----------关闭浏览器-----------
INFO	2023-02-08 16:20:58,593	[conftest.py:21]	-----------正在执行测试用例开始的准备工作,打开浏览器-----------
INFO	2023-02-08 16:21:00,798	[conftest.py:27]	-----------关闭浏览器-----------
INFO	2023-02-08 16:21:02,396	[conftest.py:21]	-----------正在执行测试用例开始的准备工作,打开浏览器-----------
INFO	2023-02-08 16:21:03,393	[conftest.py:27]	-----------关闭浏览器-----------
INFO	2023-02-08 16:24:57,017	[conftest.py:21]	-----------正在执行测试用例开始的准备工作,打开浏览器-----------
INFO	2023-02-08 16:24:59,002	[conftest.py:27]	-----------关闭浏览器-----------
INFO	2023-02-08 16:25:00,120	[conftest.py:21]	-----------正在执行测试用例开始的准备工作,打开浏览器-----------
INFO	2023-02-08 16:25:01,004	[conftest.py:27]	-----------关闭浏览器-----------
INFO	2023-02-08 16:25:29,936	[conftest.py:21]	-----------正在执行测试用例开始的准备工作,打开浏览器-----------
INFO	2023-02-08 16:25:32,659	[conftest.py:27]	-----------关闭浏览器-----------
INFO	2023-02-08 16:25:33,757	[conftest.py:21]	-----------正在执行测试用例开始的准备工作,打开浏览器-----------
INFO	2023-02-08 16:25:34,712	[conftest.py:27]	-----------关闭浏览器-----------
INFO	2023-02-08 16:30:31,359	[conftest.py:21]	-----------正在执行测试用例开始的准备工作,打开浏览器-----------
INFO	2023-02-08 16:30:32,978	[conftest.py:21]	-----------正在执行测试用例开始的准备工作,打开浏览器-----------
INFO	2023-02-08 16:35:04,522	[conftest.py:21]	-----------正在执行测试用例开始的准备工作,打开浏览器-----------
INFO	2023-02-08 16:35:06,207	[conftest.py:28]	-----------关闭浏览器-----------
INFO	2023-02-08 16:35:07,295	[conftest.py:21]	-----------正在执行测试用例开始的准备工作,打开浏览器-----------
INFO	2023-02-08 16:35:08,227	[conftest.py:28]	-----------关闭浏览器-----------
INFO	2023-02-08 16:41:14,929	[conftest.py:21]	-----------正在执行测试用例开始的准备工作,打开浏览器-----------
INFO	2023-02-08 16:41:18,873	[conftest.py:28]	-----------关闭浏览器-----------
INFO	2023-02-08 16:41:20,050	[conftest.py:21]	-----------正在执行测试用例开始的准备工作,打开浏览器-----------
INFO	2023-02-08 16:41:21,128	[conftest.py:28]	-----------关闭浏览器-----------
INFO	2023-02-08 16:51:44,749	[conftest.py:21]	-----------正在执行测试用例开始的准备工作,打开浏览器-----------
INFO	2023-02-08 16:51:46,284	[conftest.py:21]	-----------正在执行测试用例开始的准备工作,打开浏览器-----------
INFO	2023-02-08 16:53:54,596	[conftest.py:21]	-----------正在执行测试用例开始的准备工作,打开浏览器-----------
INFO	2023-02-08 16:53:56,122	[conftest.py:21]	-----------正在执行测试用例开始的准备工作,打开浏览器-----------
INFO	2023-02-08 16:55:16,573	[conftest.py:21]	-----------正在执行测试用例开始的准备工作,打开浏览器-----------
INFO	2023-02-08 16:55:19,104	[webpage.py:28]	打开网页：https://www.baidu.com/
INFO	2023-02-08 16:55:19,543	[conftest.py:28]	-----------关闭浏览器-----------
INFO	2023-02-08 16:55:20,652	[conftest.py:21]	-----------正在执行测试用例开始的准备工作,打开浏览器-----------
INFO	2023-02-08 16:55:21,741	[webpage.py:28]	打开网页：https://www.baidu.com/
INFO	2023-02-08 16:55:21,939	[conftest.py:28]	-----------关闭浏览器-----------
INFO	2023-02-08 16:57:51,606	[conftest.py:21]	-----------正在执行测试用例开始的准备工作,打开浏览器-----------
INFO	2023-02-08 16:57:54,631	[webpage.py:28]	打开网页：https://www.baidu.com/
INFO	2023-02-08 16:57:55,221	[conftest.py:28]	-----------关闭浏览器-----------
INFO	2023-02-08 16:57:56,303	[conftest.py:21]	-----------正在执行测试用例开始的准备工作,打开浏览器-----------
INFO	2023-02-08 16:57:57,755	[webpage.py:28]	打开网页：https://www.baidu.com/
INFO	2023-02-08 16:57:58,048	[conftest.py:28]	-----------关闭浏览器-----------
INFO	2023-02-08 17:02:45,592	[conftest.py:21]	-----------正在执行测试用例开始的准备工作,打开浏览器-----------
INFO	2023-02-08 17:02:47,063	[webpage.py:28]	打开网页：https://www.baidu.com/
INFO	2023-02-08 17:02:47,617	[conftest.py:28]	-----------关闭浏览器-----------
INFO	2023-02-08 17:02:48,710	[conftest.py:21]	-----------正在执行测试用例开始的准备工作,打开浏览器-----------
INFO	2023-02-08 17:02:49,675	[webpage.py:28]	打开网页：https://www.baidu.com/
INFO	2023-02-08 17:02:49,887	[conftest.py:28]	-----------关闭浏览器-----------
INFO	2023-02-08 17:12:16,893	[conftest.py:21]	-----------正在执行测试用例开始的准备工作,打开浏览器-----------
INFO	2023-02-08 17:12:18,425	[webpage.py:28]	打开网页：https://www.baidu.com/
INFO	2023-02-08 17:12:18,857	[conftest.py:28]	-----------关闭浏览器-----------
INFO	2023-02-08 17:12:19,958	[conftest.py:21]	-----------正在执行测试用例开始的准备工作,打开浏览器-----------
INFO	2023-02-08 17:12:21,136	[webpage.py:28]	打开网页：https://www.baidu.com/
INFO	2023-02-08 17:12:21,370	[conftest.py:28]	-----------关闭浏览器-----------
INFO	2023-02-08 17:13:11,327	[conftest.py:21]	-----------正在执行测试用例开始的准备工作,打开浏览器-----------
INFO	2023-02-08 17:13:12,904	[webpage.py:28]	打开网页：https://www.baidu.com/
INFO	2023-02-08 17:13:13,516	[conftest.py:28]	-----------关闭浏览器-----------
INFO	2023-02-08 17:13:14,613	[conftest.py:21]	-----------正在执行测试用例开始的准备工作,打开浏览器-----------
INFO	2023-02-08 17:13:15,784	[webpage.py:28]	打开网页：https://www.baidu.com/
INFO	2023-02-08 17:13:16,038	[conftest.py:28]	-----------关闭浏览器-----------
INFO	2023-02-08 17:13:35,923	[conftest.py:21]	-----------正在执行测试用例开始的准备工作,打开浏览器-----------
INFO	2023-02-08 17:13:37,348	[webpage.py:28]	打开网页：https://www.baidu.com/
INFO	2023-02-08 17:13:37,956	[conftest.py:28]	-----------关闭浏览器-----------
INFO	2023-02-08 17:13:39,072	[conftest.py:21]	-----------正在执行测试用例开始的准备工作,打开浏览器-----------
INFO	2023-02-08 17:13:40,209	[webpage.py:28]	打开网页：https://www.baidu.com/
INFO	2023-02-08 17:13:40,426	[conftest.py:28]	-----------关闭浏览器-----------
INFO	2023-02-08 17:19:53,039	[conftest.py:21]	-----------正在执行测试用例开始的准备工作,打开浏览器-----------
INFO	2023-02-08 17:19:54,377	[webpage.py:28]	打开网页：https://www.baidu.com/
INFO	2023-02-08 17:19:55,999	[conftest.py:21]	-----------正在执行测试用例开始的准备工作,打开浏览器-----------
INFO	2023-02-08 17:19:57,898	[webpage.py:28]	打开网页：https://www.baidu.com/
INFO	2023-02-08 17:30:25,110	[conftest.py:21]	-----------正在执行测试用例开始的准备工作,打开浏览器-----------
INFO	2023-02-08 17:30:26,399	[webpage.py:28]	打开网页：https://www.baidu.com/
INFO	2023-02-08 17:30:27,983	[conftest.py:21]	-----------正在执行测试用例开始的准备工作,打开浏览器-----------
INFO	2023-02-08 17:30:29,446	[webpage.py:28]	打开网页：https://www.baidu.com/
INFO	2023-02-08 17:42:15,743	[conftest.py:21]	-----------正在执行测试用例开始的准备工作,打开浏览器-----------
INFO	2023-02-08 17:42:17,478	[webpage.py:28]	打开网页：https://www.baidu.com/
INFO	2023-02-08 17:42:18,069	[webpage.py:48]	清空文本
INFO	2023-02-08 17:42:18,164	[webpage.py:50]	输入文本:测试
INFO	2023-02-08 17:42:21,345	[webpage.py:55]	点击元素:('xpath', '//*[@id="su"]')
INFO	2023-02-08 17:43:03,196	[conftest.py:21]	-----------正在执行测试用例开始的准备工作,打开浏览器-----------
INFO	2023-02-08 17:43:04,901	[webpage.py:28]	打开网页：https://www.baidu.com/
INFO	2023-02-08 17:43:05,468	[webpage.py:48]	清空文本
INFO	2023-02-08 17:43:05,557	[webpage.py:50]	输入文本:测试
INFO	2023-02-08 17:43:08,757	[webpage.py:55]	点击元素:('xpath', '//*[@id="su"]')
INFO	2023-02-08 17:43:10,766	[conftest.py:27]	-----------关闭浏览器-----------
INFO	2023-02-08 17:43:55,286	[conftest.py:21]	-----------正在执行测试用例开始的准备工作,打开浏览器-----------
INFO	2023-02-08 17:43:56,756	[webpage.py:28]	打开网页：https://www.baidu.com/
INFO	2023-02-08 17:43:57,350	[webpage.py:48]	清空文本
INFO	2023-02-08 17:43:57,437	[webpage.py:50]	输入文本:测试
INFO	2023-02-08 17:44:00,616	[webpage.py:55]	点击元素:('xpath', '//*[@id="su"]')
INFO	2023-02-08 17:44:05,274	[conftest.py:27]	-----------关闭浏览器-----------
